============================= test session starts ==============================
platform linux -- Python 3.10.12, pytest-8.4.1, pluggy-1.6.0 -- /usr/bin/python3
cachedir: .pytest_cache
Using --randomly-seed=743867514
metadata: {'Python': '3.10.12', 'Platform': 'Linux-6.17.9-76061709-generic-x86_64-with-glibc2.35', 'Packages': {'pytest': '8.4.1', 'pluggy': '1.6.0'}, 'Plugins': {'mock': '3.14.1', 'json-report': '1.5.0', 'anyio': '4.12.1', 'asyncio': '1.1.0', 'sugar': '1.1.1', 'randomly': '4.0.1', 'langsmith': '0.6.0', 'hydra-core': '1.3.2', 'Faker': '37.5.3', 'respx': '0.22.0', 'clarity': '1.0.1', 'metadata': '3.1.1', 'timeout': '2.4.0', 'benchmark': '5.1.0', 'hypothesis': '6.141.0', 'cov': '6.2.1', 'repeat': '0.9.4', 'xdist': '3.7.0', 'html': '4.1.1'}}
benchmark: 5.1.0 (defaults: timer=time.perf_counter disable_gc=False min_rounds=5 min_time=0.000005 max_time=1.0 calibration_precision=10 warmup=False warmup_iterations=100000)
hypothesis profile 'default'
rootdir: /home/bi/Desktop/Engine 8/ATLAS
configfile: pyproject.toml
plugins: mock-3.14.1, json-report-1.5.0, anyio-4.12.1, asyncio-1.1.0, sugar-1.1.1, randomly-4.0.1, langsmith-0.6.0, hydra-core-1.3.2, Faker-37.5.3, respx-0.22.0, clarity-1.0.1, metadata-3.1.1, timeout-2.4.0, benchmark-5.1.0, hypothesis-6.141.0, cov-6.2.1, repeat-0.9.4, xdist-3.7.0, html-4.1.1
asyncio: mode=auto, asyncio_default_fixture_loop_scope=function, asyncio_default_test_loop_scope=function
collecting ... collected 16 items

atlas/signals/test_lesson_generator.py::test_generate_lesson_bad_loss ERROR [  6%]
atlas/signals/test_lesson_generator.py::test_generate_lesson_bad_loss ERROR [  6%]
atlas/signals/test_lesson_generator.py::test_generate_lesson_lucky_win PASSED [ 12%]
atlas/signals/test_lesson_generator.py::test_generate_lesson_good_loss PASSED [ 18%]
atlas/signals/test_lesson_generator.py::test_generate_lesson_good_win PASSED [ 25%]
atlas/signals/test_outcome_route.py::test_record_outcome_success ERROR   [ 31%]
atlas/signals/test_outcome_route.py::test_record_outcome_not_found ERROR [ 37%]
atlas/signals/test_outcome_classifier.py::test_classify_bad_loss PASSED  [ 43%]
atlas/signals/test_outcome_classifier.py::test_classify_scratch_low_conviction PASSED [ 50%]
atlas/signals/test_outcome_classifier.py::test_classify_lucky_win PASSED [ 56%]
atlas/signals/test_outcome_classifier.py::test_classify_scratch_high_conviction PASSED [ 62%]
atlas/signals/test_outcome_classifier.py::test_classify_good_loss PASSED [ 68%]
atlas/signals/test_outcome_classifier.py::test_classify_good_win PASSED  [ 75%]
atlas/signals/test_outcome.py::test_trade_outcome_win PASSED             [ 81%]
atlas/signals/test_outcome.py::test_trade_outcome_invalid PASSED         [ 87%]
atlas/signals/test_outcome.py::test_trade_outcome_loss PASSED            [ 93%]
atlas/signals/test_outcome.py::test_trade_outcome_scratch PASSED         [100%]

==================================== ERRORS ====================================
_______________ ERROR at setup of test_generate_lesson_bad_loss ________________

item = <Function test_generate_lesson_bad_loss>

    def pytest_runtest_setup(item: Item) -> None:
        if item.config.getoption("randomly_reset_seed"):
>           _reseed(item.config, (_crc32(item.nodeid) - 1) % 2**32)

/home/bi/.local/lib/python3.10/site-packages/pytest_randomly/__init__.py:181: 
_ _ _ _ _ _ _ _ _ _ _ _ _ _ _ _ _ _ _ _ _ _ _ _ _ _ _ _ _ _ _ _ _ _ _ _ _ _ _ _ 
/home/bi/.local/lib/python3.10/site-packages/pytest_randomly/__init__.py:168: in _reseed
    reseed(seed)
/home/bi/.local/lib/python3.10/site-packages/thinc/util.py:101: in fix_random_seed
    numpy.random.seed(seed)
numpy/random/mtrand.pyx:4806: in numpy.random.mtrand.seed
    ???
numpy/random/mtrand.pyx:250: in numpy.random.mtrand.RandomState.seed
    ???
_mt19937.pyx:168: in numpy.random._mt19937.MT19937._legacy_seeding
    ???
_ _ _ _ _ _ _ _ _ _ _ _ _ _ _ _ _ _ _ _ _ _ _ _ _ _ _ _ _ _ _ _ _ _ _ _ _ _ _ _ 

>   ???
E   ValueError: Seed must be between 0 and 2**32 - 1

_mt19937.pyx:182: ValueError
______________ ERROR at teardown of test_generate_lesson_bad_loss ______________

item = <Function test_generate_lesson_bad_loss>

    def pytest_runtest_teardown(item: Item) -> None:
        if item.config.getoption("randomly_reset_seed"):
>           _reseed(item.config, (_crc32(item.nodeid) + 1) % 2**32)

/home/bi/.local/lib/python3.10/site-packages/pytest_randomly/__init__.py:191: 
_ _ _ _ _ _ _ _ _ _ _ _ _ _ _ _ _ _ _ _ _ _ _ _ _ _ _ _ _ _ _ _ _ _ _ _ _ _ _ _ 
/home/bi/.local/lib/python3.10/site-packages/pytest_randomly/__init__.py:168: in _reseed
    reseed(seed)
/home/bi/.local/lib/python3.10/site-packages/thinc/util.py:101: in fix_random_seed
    numpy.random.seed(seed)
numpy/random/mtrand.pyx:4806: in numpy.random.mtrand.seed
    ???
numpy/random/mtrand.pyx:250: in numpy.random.mtrand.RandomState.seed
    ???
_mt19937.pyx:168: in numpy.random._mt19937.MT19937._legacy_seeding
    ???
_ _ _ _ _ _ _ _ _ _ _ _ _ _ _ _ _ _ _ _ _ _ _ _ _ _ _ _ _ _ _ _ _ _ _ _ _ _ _ _ 

>   ???
E   ValueError: Seed must be between 0 and 2**32 - 1

_mt19937.pyx:182: ValueError
________________ ERROR at setup of test_record_outcome_success _________________

mock_pool = <AsyncMock id='131896149805184'>
mock_writer = <AsyncMock id='131896150204976'>
mock_redis = <AsyncMock id='131896148643984'>

    @pytest.fixture
    def client(mock_pool, mock_writer, mock_redis):
        app.dependency_overrides[get_db_pool] = lambda: mock_pool
        app.dependency_overrides[get_rag_writer] = lambda: mock_writer
        app.dependency_overrides[get_redis] = lambda: mock_redis
    
>       with TestClient(app) as c:

atlas/signals/test_outcome_route.py:48: 
_ _ _ _ _ _ _ _ _ _ _ _ _ _ _ _ _ _ _ _ _ _ _ _ _ _ _ _ _ _ _ _ _ _ _ _ _ _ _ _ 

self = <starlette.testclient.TestClient object at 0x77f577284e20>
app = <fastapi.applications.FastAPI object at 0x77f78c549810>
base_url = 'http://testserver', raise_server_exceptions = True, root_path = ''
backend = 'asyncio', backend_options = None, cookies = None
headers = {'user-agent': 'testclient'}, follow_redirects = True

    def __init__(
        self,
        app: ASGIApp,
        base_url: str = "http://testserver",
        raise_server_exceptions: bool = True,
        root_path: str = "",
        backend: str = "asyncio",
        backend_options: typing.Optional[typing.Dict[str, typing.Any]] = None,
        cookies: httpx._types.CookieTypes = None,
        headers: typing.Dict[str, str] = None,
        follow_redirects: bool = True,
    ) -> None:
        self.async_backend = _AsyncBackend(
            backend=backend, backend_options=backend_options or {}
        )
        if _is_asgi3(app):
            app = typing.cast(ASGI3App, app)
            asgi_app = app
        else:
            app = typing.cast(ASGI2App, app)  # type: ignore[assignment]
            asgi_app = _WrapASGI2(app)  # type: ignore[arg-type]
        self.app = asgi_app
        self.app_state: typing.Dict[str, typing.Any] = {}
        transport = _TestClientTransport(
            self.app,
            portal_factory=self._portal_factory,
            raise_server_exceptions=raise_server_exceptions,
            root_path=root_path,
            app_state=self.app_state,
        )
        if headers is None:
            headers = {}
        headers.setdefault("user-agent", "testclient")
>       super().__init__(
            app=self.app,
            base_url=base_url,
            headers=headers,
            transport=transport,
            follow_redirects=follow_redirects,
            cookies=cookies,
        )
E       TypeError: Client.__init__() got an unexpected keyword argument 'app'

/home/bi/.local/lib/python3.10/site-packages/starlette/testclient.py:402: TypeError
_______________ ERROR at setup of test_record_outcome_not_found ________________

mock_pool = <AsyncMock id='131896149063712'>
mock_writer = <AsyncMock id='131896148651904'>
mock_redis = <AsyncMock id='131896148958496'>

    @pytest.fixture
    def client(mock_pool, mock_writer, mock_redis):
        app.dependency_overrides[get_db_pool] = lambda: mock_pool
        app.dependency_overrides[get_rag_writer] = lambda: mock_writer
        app.dependency_overrides[get_redis] = lambda: mock_redis
    
>       with TestClient(app) as c:

atlas/signals/test_outcome_route.py:48: 
_ _ _ _ _ _ _ _ _ _ _ _ _ _ _ _ _ _ _ _ _ _ _ _ _ _ _ _ _ _ _ _ _ _ _ _ _ _ _ _ 

self = <starlette.testclient.TestClient object at 0x77f5771b3e50>
app = <fastapi.applications.FastAPI object at 0x77f78c549810>
base_url = 'http://testserver', raise_server_exceptions = True, root_path = ''
backend = 'asyncio', backend_options = None, cookies = None
headers = {'user-agent': 'testclient'}, follow_redirects = True

    def __init__(
        self,
        app: ASGIApp,
        base_url: str = "http://testserver",
        raise_server_exceptions: bool = True,
        root_path: str = "",
        backend: str = "asyncio",
        backend_options: typing.Optional[typing.Dict[str, typing.Any]] = None,
        cookies: httpx._types.CookieTypes = None,
        headers: typing.Dict[str, str] = None,
        follow_redirects: bool = True,
    ) -> None:
        self.async_backend = _AsyncBackend(
            backend=backend, backend_options=backend_options or {}
        )
        if _is_asgi3(app):
            app = typing.cast(ASGI3App, app)
            asgi_app = app
        else:
            app = typing.cast(ASGI2App, app)  # type: ignore[assignment]
            asgi_app = _WrapASGI2(app)  # type: ignore[arg-type]
        self.app = asgi_app
        self.app_state: typing.Dict[str, typing.Any] = {}
        transport = _TestClientTransport(
            self.app,
            portal_factory=self._portal_factory,
            raise_server_exceptions=raise_server_exceptions,
            root_path=root_path,
            app_state=self.app_state,
        )
        if headers is None:
            headers = {}
        headers.setdefault("user-agent", "testclient")
>       super().__init__(
            app=self.app,
            base_url=base_url,
            headers=headers,
            transport=transport,
            follow_redirects=follow_redirects,
            cookies=cookies,
        )
E       TypeError: Client.__init__() got an unexpected keyword argument 'app'

/home/bi/.local/lib/python3.10/site-packages/starlette/testclient.py:402: TypeError
=========================== short test summary info ============================
ERROR atlas/signals/test_lesson_generator.py::test_generate_lesson_bad_loss
ERROR atlas/signals/test_lesson_generator.py::test_generate_lesson_bad_loss
ERROR atlas/signals/test_outcome_route.py::test_record_outcome_success - Type...
ERROR atlas/signals/test_outcome_route.py::test_record_outcome_not_found - Ty...
========================= 13 passed, 4 errors in 1.82s =========================
