============================= test session starts ==============================
platform linux -- Python 3.10.12, pytest-8.4.1, pluggy-1.6.0
Using --randomly-seed=1886116641
benchmark: 5.1.0 (defaults: timer=time.perf_counter disable_gc=False min_rounds=5 min_time=0.000005 max_time=1.0 calibration_precision=10 warmup=False warmup_iterations=100000)
rootdir: /home/bi/Desktop/Engine 8/ATLAS
configfile: pyproject.toml
plugins: mock-3.14.1, json-report-1.5.0, anyio-4.12.1, asyncio-1.1.0, sugar-1.1.1, randomly-4.0.1, langsmith-0.6.0, hydra-core-1.3.2, Faker-37.5.3, respx-0.22.0, clarity-1.0.1, metadata-3.1.1, timeout-2.4.0, benchmark-5.1.0, hypothesis-6.141.0, cov-6.2.1, repeat-0.9.4, xdist-3.7.0, html-4.1.1
asyncio: mode=auto, asyncio_default_fixture_loop_scope=function, asyncio_default_test_loop_scope=function
collected 22 items

atlas/providers/hydra/test_listener.py .EEEEE..EEE...EEE.EEEEEEEEEEEEE.  [100%]

==================================== ERRORS ====================================
________ ERROR at setup of TestErrorHandling.test_recovery_after_error _________

item = <Coroutine test_recovery_after_error>

    def pytest_runtest_setup(item: Item) -> None:
        if item.config.getoption("randomly_reset_seed"):
>           _reseed(item.config, (_crc32(item.nodeid) - 1) % 2**32)

/home/bi/.local/lib/python3.10/site-packages/pytest_randomly/__init__.py:181: 
_ _ _ _ _ _ _ _ _ _ _ _ _ _ _ _ _ _ _ _ _ _ _ _ _ _ _ _ _ _ _ _ _ _ _ _ _ _ _ _ 
/home/bi/.local/lib/python3.10/site-packages/pytest_randomly/__init__.py:168: in _reseed
    reseed(seed)
/home/bi/.local/lib/python3.10/site-packages/thinc/util.py:101: in fix_random_seed
    numpy.random.seed(seed)
numpy/random/mtrand.pyx:4806: in numpy.random.mtrand.seed
    ???
numpy/random/mtrand.pyx:250: in numpy.random.mtrand.RandomState.seed
    ???
_mt19937.pyx:168: in numpy.random._mt19937.MT19937._legacy_seeding
    ???
_ _ _ _ _ _ _ _ _ _ _ _ _ _ _ _ _ _ _ _ _ _ _ _ _ _ _ _ _ _ _ _ _ _ _ _ _ _ _ _ 

>   ???
E   ValueError: Seed must be between 0 and 2**32 - 1

_mt19937.pyx:182: ValueError
_______ ERROR at teardown of TestErrorHandling.test_recovery_after_error _______

item = <Coroutine test_recovery_after_error>

    def pytest_runtest_teardown(item: Item) -> None:
        if item.config.getoption("randomly_reset_seed"):
>           _reseed(item.config, (_crc32(item.nodeid) + 1) % 2**32)

/home/bi/.local/lib/python3.10/site-packages/pytest_randomly/__init__.py:191: 
_ _ _ _ _ _ _ _ _ _ _ _ _ _ _ _ _ _ _ _ _ _ _ _ _ _ _ _ _ _ _ _ _ _ _ _ _ _ _ _ 
/home/bi/.local/lib/python3.10/site-packages/pytest_randomly/__init__.py:168: in _reseed
    reseed(seed)
/home/bi/.local/lib/python3.10/site-packages/thinc/util.py:101: in fix_random_seed
    numpy.random.seed(seed)
numpy/random/mtrand.pyx:4806: in numpy.random.mtrand.seed
    ???
numpy/random/mtrand.pyx:250: in numpy.random.mtrand.RandomState.seed
    ???
_mt19937.pyx:168: in numpy.random._mt19937.MT19937._legacy_seeding
    ???
_ _ _ _ _ _ _ _ _ _ _ _ _ _ _ _ _ _ _ _ _ _ _ _ _ _ _ _ _ _ _ _ _ _ _ _ _ _ _ _ 

>   ???
E   ValueError: Seed must be between 0 and 2**32 - 1

_mt19937.pyx:182: ValueError
_____ ERROR at setup of TestListenerBuffer.test_buffer_empty_returns_none ______

item = <Function test_buffer_empty_returns_none>

    def pytest_runtest_setup(item: Item) -> None:
        if item.config.getoption("randomly_reset_seed"):
>           _reseed(item.config, (_crc32(item.nodeid) - 1) % 2**32)

/home/bi/.local/lib/python3.10/site-packages/pytest_randomly/__init__.py:181: 
_ _ _ _ _ _ _ _ _ _ _ _ _ _ _ _ _ _ _ _ _ _ _ _ _ _ _ _ _ _ _ _ _ _ _ _ _ _ _ _ 
/home/bi/.local/lib/python3.10/site-packages/pytest_randomly/__init__.py:168: in _reseed
    reseed(seed)
/home/bi/.local/lib/python3.10/site-packages/thinc/util.py:101: in fix_random_seed
    numpy.random.seed(seed)
numpy/random/mtrand.pyx:4806: in numpy.random.mtrand.seed
    ???
numpy/random/mtrand.pyx:250: in numpy.random.mtrand.RandomState.seed
    ???
_mt19937.pyx:168: in numpy.random._mt19937.MT19937._legacy_seeding
    ???
_ _ _ _ _ _ _ _ _ _ _ _ _ _ _ _ _ _ _ _ _ _ _ _ _ _ _ _ _ _ _ _ _ _ _ _ _ _ _ _ 

>   ???
E   ValueError: Seed must be between 0 and 2**32 - 1

_mt19937.pyx:182: ValueError
____ ERROR at teardown of TestListenerBuffer.test_buffer_empty_returns_none ____

item = <Function test_buffer_empty_returns_none>

    def pytest_runtest_teardown(item: Item) -> None:
        if item.config.getoption("randomly_reset_seed"):
>           _reseed(item.config, (_crc32(item.nodeid) + 1) % 2**32)

/home/bi/.local/lib/python3.10/site-packages/pytest_randomly/__init__.py:191: 
_ _ _ _ _ _ _ _ _ _ _ _ _ _ _ _ _ _ _ _ _ _ _ _ _ _ _ _ _ _ _ _ _ _ _ _ _ _ _ _ 
/home/bi/.local/lib/python3.10/site-packages/pytest_randomly/__init__.py:168: in _reseed
    reseed(seed)
/home/bi/.local/lib/python3.10/site-packages/thinc/util.py:101: in fix_random_seed
    numpy.random.seed(seed)
numpy/random/mtrand.pyx:4806: in numpy.random.mtrand.seed
    ???
numpy/random/mtrand.pyx:250: in numpy.random.mtrand.RandomState.seed
    ???
_mt19937.pyx:168: in numpy.random._mt19937.MT19937._legacy_seeding
    ???
_ _ _ _ _ _ _ _ _ _ _ _ _ _ _ _ _ _ _ _ _ _ _ _ _ _ _ _ _ _ _ _ _ _ _ _ _ _ _ _ 

>   ???
E   ValueError: Seed must be between 0 and 2**32 - 1

_mt19937.pyx:182: ValueError
___ ERROR at setup of TestListenerBuffer.test_process_message_updates_buffer ___

cls = <class '_pytest.runner.CallInfo'>
func = <function call_and_report.<locals>.<lambda> at 0x7829e0e83d90>
when = 'setup'
reraise = (<class '_pytest.outcomes.Exit'>, <class 'KeyboardInterrupt'>)

    @classmethod
    def from_call(
        cls,
        func: Callable[[], TResult],
        when: Literal["collect", "setup", "call", "teardown"],
        reraise: type[BaseException] | tuple[type[BaseException], ...] | None = None,
    ) -> CallInfo[TResult]:
        """Call func, wrapping the result in a CallInfo.
    
        :param func:
            The function to call. Called without arguments.
        :type func: Callable[[], _pytest.runner.TResult]
        :param when:
            The phase in which the function is called.
        :param reraise:
            Exception or exceptions that shall propagate if raised by the
            function, instead of being wrapped in the CallInfo.
        """
        excinfo = None
        instant = timing.Instant()
        try:
>           result: TResult | None = func()

/home/bi/.local/lib/python3.10/site-packages/_pytest/runner.py:344: 
_ _ _ _ _ _ _ _ _ _ _ _ _ _ _ _ _ _ _ _ _ _ _ _ _ _ _ _ _ _ _ _ _ _ _ _ _ _ _ _ 
/home/bi/.local/lib/python3.10/site-packages/_pytest/runner.py:246: in <lambda>
    lambda: runtest_hook(item=item, **kwds), when=when, reraise=reraise
/home/bi/.local/lib/python3.10/site-packages/pluggy/_hooks.py:512: in __call__
    return self._hookexec(self.name, self._hookimpls.copy(), kwargs, firstresult)
/home/bi/.local/lib/python3.10/site-packages/pluggy/_manager.py:120: in _hookexec
    return self._inner_hookexec(hook_name, methods, kwargs, firstresult)
/home/bi/.local/lib/python3.10/site-packages/_pytest/logging.py:843: in pytest_runtest_setup
    yield
/home/bi/.local/lib/python3.10/site-packages/_pytest/capture.py:895: in pytest_runtest_setup
    return (yield)
/home/bi/.local/lib/python3.10/site-packages/_pytest/runner.py:164: in pytest_runtest_setup
    item.session._setupstate.setup(item)
_ _ _ _ _ _ _ _ _ _ _ _ _ _ _ _ _ _ _ _ _ _ _ _ _ _ _ _ _ _ _ _ _ _ _ _ _ _ _ _ 

self = <_pytest.runner.SetupState object at 0x782af1aea5f0>
item = <Coroutine test_process_message_updates_buffer>

    def setup(self, item: Item) -> None:
        """Setup objects along the collector chain to the item."""
        needed_collectors = item.listchain()
    
        # If a collector fails its setup, fail its entire subtree of items.
        # The setup is not retried for each item - the same exception is used.
        for col, (finalizers, exc) in self.stack.items():
>           assert col in needed_collectors, "previous item was not torn down properly"
E           AssertionError: previous item was not torn down properly

/home/bi/.local/lib/python3.10/site-packages/_pytest/runner.py:505: AssertionError
_____ ERROR at setup of TestListenerBuffer.test_get_latest_event_by_asset ______

item = <Coroutine test_get_latest_event_by_asset>

    def pytest_runtest_setup(item: Item) -> None:
        if item.config.getoption("randomly_reset_seed"):
>           _reseed(item.config, (_crc32(item.nodeid) - 1) % 2**32)

/home/bi/.local/lib/python3.10/site-packages/pytest_randomly/__init__.py:181: 
_ _ _ _ _ _ _ _ _ _ _ _ _ _ _ _ _ _ _ _ _ _ _ _ _ _ _ _ _ _ _ _ _ _ _ _ _ _ _ _ 
/home/bi/.local/lib/python3.10/site-packages/pytest_randomly/__init__.py:168: in _reseed
    reseed(seed)
/home/bi/.local/lib/python3.10/site-packages/thinc/util.py:101: in fix_random_seed
    numpy.random.seed(seed)
numpy/random/mtrand.pyx:4806: in numpy.random.mtrand.seed
    ???
numpy/random/mtrand.pyx:250: in numpy.random.mtrand.RandomState.seed
    ???
_mt19937.pyx:168: in numpy.random._mt19937.MT19937._legacy_seeding
    ???
_ _ _ _ _ _ _ _ _ _ _ _ _ _ _ _ _ _ _ _ _ _ _ _ _ _ _ _ _ _ _ _ _ _ _ _ _ _ _ _ 

>   ???
E   ValueError: Seed must be between 0 and 2**32 - 1

_mt19937.pyx:182: ValueError
____ ERROR at teardown of TestListenerBuffer.test_get_latest_event_by_asset ____

item = <Coroutine test_get_latest_event_by_asset>

    def pytest_runtest_teardown(item: Item) -> None:
        if item.config.getoption("randomly_reset_seed"):
>           _reseed(item.config, (_crc32(item.nodeid) + 1) % 2**32)

/home/bi/.local/lib/python3.10/site-packages/pytest_randomly/__init__.py:191: 
_ _ _ _ _ _ _ _ _ _ _ _ _ _ _ _ _ _ _ _ _ _ _ _ _ _ _ _ _ _ _ _ _ _ _ _ _ _ _ _ 
/home/bi/.local/lib/python3.10/site-packages/pytest_randomly/__init__.py:168: in _reseed
    reseed(seed)
/home/bi/.local/lib/python3.10/site-packages/thinc/util.py:101: in fix_random_seed
    numpy.random.seed(seed)
numpy/random/mtrand.pyx:4806: in numpy.random.mtrand.seed
    ???
numpy/random/mtrand.pyx:250: in numpy.random.mtrand.RandomState.seed
    ???
_mt19937.pyx:168: in numpy.random._mt19937.MT19937._legacy_seeding
    ???
_ _ _ _ _ _ _ _ _ _ _ _ _ _ _ _ _ _ _ _ _ _ _ _ _ _ _ _ _ _ _ _ _ _ _ _ _ _ _ _ 

>   ???
E   ValueError: Seed must be between 0 and 2**32 - 1

_mt19937.pyx:182: ValueError
_ ERROR at setup of TestHydraCascadeEventModel.test_total_liquidation_usd_is_decimal _

cls = <class '_pytest.runner.CallInfo'>
func = <function call_and_report.<locals>.<lambda> at 0x7829dc552b90>
when = 'setup'
reraise = (<class '_pytest.outcomes.Exit'>, <class 'KeyboardInterrupt'>)

    @classmethod
    def from_call(
        cls,
        func: Callable[[], TResult],
        when: Literal["collect", "setup", "call", "teardown"],
        reraise: type[BaseException] | tuple[type[BaseException], ...] | None = None,
    ) -> CallInfo[TResult]:
        """Call func, wrapping the result in a CallInfo.
    
        :param func:
            The function to call. Called without arguments.
        :type func: Callable[[], _pytest.runner.TResult]
        :param when:
            The phase in which the function is called.
        :param reraise:
            Exception or exceptions that shall propagate if raised by the
            function, instead of being wrapped in the CallInfo.
        """
        excinfo = None
        instant = timing.Instant()
        try:
>           result: TResult | None = func()

/home/bi/.local/lib/python3.10/site-packages/_pytest/runner.py:344: 
_ _ _ _ _ _ _ _ _ _ _ _ _ _ _ _ _ _ _ _ _ _ _ _ _ _ _ _ _ _ _ _ _ _ _ _ _ _ _ _ 
/home/bi/.local/lib/python3.10/site-packages/_pytest/runner.py:246: in <lambda>
    lambda: runtest_hook(item=item, **kwds), when=when, reraise=reraise
/home/bi/.local/lib/python3.10/site-packages/pluggy/_hooks.py:512: in __call__
    return self._hookexec(self.name, self._hookimpls.copy(), kwargs, firstresult)
/home/bi/.local/lib/python3.10/site-packages/pluggy/_manager.py:120: in _hookexec
    return self._inner_hookexec(hook_name, methods, kwargs, firstresult)
/home/bi/.local/lib/python3.10/site-packages/_pytest/logging.py:843: in pytest_runtest_setup
    yield
/home/bi/.local/lib/python3.10/site-packages/_pytest/capture.py:895: in pytest_runtest_setup
    return (yield)
/home/bi/.local/lib/python3.10/site-packages/_pytest/runner.py:164: in pytest_runtest_setup
    item.session._setupstate.setup(item)
_ _ _ _ _ _ _ _ _ _ _ _ _ _ _ _ _ _ _ _ _ _ _ _ _ _ _ _ _ _ _ _ _ _ _ _ _ _ _ _ 

self = <_pytest.runner.SetupState object at 0x782af1aea5f0>
item = <Function test_total_liquidation_usd_is_decimal>

    def setup(self, item: Item) -> None:
        """Setup objects along the collector chain to the item."""
        needed_collectors = item.listchain()
    
        # If a collector fails its setup, fail its entire subtree of items.
        # The setup is not retried for each item - the same exception is used.
        for col, (finalizers, exc) in self.stack.items():
>           assert col in needed_collectors, "previous item was not torn down properly"
E           AssertionError: previous item was not torn down properly

/home/bi/.local/lib/python3.10/site-packages/_pytest/runner.py:505: AssertionError
______ ERROR at setup of TestHydraCascadeEventModel.test_tier_5_rejected _______

item = <Function test_tier_5_rejected>

    def pytest_runtest_setup(item: Item) -> None:
        if item.config.getoption("randomly_reset_seed"):
>           _reseed(item.config, (_crc32(item.nodeid) - 1) % 2**32)

/home/bi/.local/lib/python3.10/site-packages/pytest_randomly/__init__.py:181: 
_ _ _ _ _ _ _ _ _ _ _ _ _ _ _ _ _ _ _ _ _ _ _ _ _ _ _ _ _ _ _ _ _ _ _ _ _ _ _ _ 
/home/bi/.local/lib/python3.10/site-packages/pytest_randomly/__init__.py:168: in _reseed
    reseed(seed)
/home/bi/.local/lib/python3.10/site-packages/thinc/util.py:101: in fix_random_seed
    numpy.random.seed(seed)
numpy/random/mtrand.pyx:4806: in numpy.random.mtrand.seed
    ???
numpy/random/mtrand.pyx:250: in numpy.random.mtrand.RandomState.seed
    ???
_mt19937.pyx:168: in numpy.random._mt19937.MT19937._legacy_seeding
    ???
_ _ _ _ _ _ _ _ _ _ _ _ _ _ _ _ _ _ _ _ _ _ _ _ _ _ _ _ _ _ _ _ _ _ _ _ _ _ _ _ 

>   ???
E   ValueError: Seed must be between 0 and 2**32 - 1

_mt19937.pyx:182: ValueError
_____ ERROR at teardown of TestHydraCascadeEventModel.test_tier_5_rejected _____

item = <Function test_tier_5_rejected>

    def pytest_runtest_teardown(item: Item) -> None:
        if item.config.getoption("randomly_reset_seed"):
>           _reseed(item.config, (_crc32(item.nodeid) + 1) % 2**32)

/home/bi/.local/lib/python3.10/site-packages/pytest_randomly/__init__.py:191: 
_ _ _ _ _ _ _ _ _ _ _ _ _ _ _ _ _ _ _ _ _ _ _ _ _ _ _ _ _ _ _ _ _ _ _ _ _ _ _ _ 
/home/bi/.local/lib/python3.10/site-packages/pytest_randomly/__init__.py:168: in _reseed
    reseed(seed)
/home/bi/.local/lib/python3.10/site-packages/thinc/util.py:101: in fix_random_seed
    numpy.random.seed(seed)
numpy/random/mtrand.pyx:4806: in numpy.random.mtrand.seed
    ???
numpy/random/mtrand.pyx:250: in numpy.random.mtrand.RandomState.seed
    ???
_mt19937.pyx:168: in numpy.random._mt19937.MT19937._legacy_seeding
    ???
_ _ _ _ _ _ _ _ _ _ _ _ _ _ _ _ _ _ _ _ _ _ _ _ _ _ _ _ _ _ _ _ _ _ _ _ _ _ _ _ 

>   ???
E   ValueError: Seed must be between 0 and 2**32 - 1

_mt19937.pyx:182: ValueError
_______ ERROR at setup of TestLifecycle.test_double_start_is_idempotent ________

cls = <class '_pytest.runner.CallInfo'>
func = <function call_and_report.<locals>.<lambda> at 0x7829dc6dea70>
when = 'setup'
reraise = (<class '_pytest.outcomes.Exit'>, <class 'KeyboardInterrupt'>)

    @classmethod
    def from_call(
        cls,
        func: Callable[[], TResult],
        when: Literal["collect", "setup", "call", "teardown"],
        reraise: type[BaseException] | tuple[type[BaseException], ...] | None = None,
    ) -> CallInfo[TResult]:
        """Call func, wrapping the result in a CallInfo.
    
        :param func:
            The function to call. Called without arguments.
        :type func: Callable[[], _pytest.runner.TResult]
        :param when:
            The phase in which the function is called.
        :param reraise:
            Exception or exceptions that shall propagate if raised by the
            function, instead of being wrapped in the CallInfo.
        """
        excinfo = None
        instant = timing.Instant()
        try:
>           result: TResult | None = func()

/home/bi/.local/lib/python3.10/site-packages/_pytest/runner.py:344: 
_ _ _ _ _ _ _ _ _ _ _ _ _ _ _ _ _ _ _ _ _ _ _ _ _ _ _ _ _ _ _ _ _ _ _ _ _ _ _ _ 
/home/bi/.local/lib/python3.10/site-packages/_pytest/runner.py:246: in <lambda>
    lambda: runtest_hook(item=item, **kwds), when=when, reraise=reraise
/home/bi/.local/lib/python3.10/site-packages/pluggy/_hooks.py:512: in __call__
    return self._hookexec(self.name, self._hookimpls.copy(), kwargs, firstresult)
/home/bi/.local/lib/python3.10/site-packages/pluggy/_manager.py:120: in _hookexec
    return self._inner_hookexec(hook_name, methods, kwargs, firstresult)
/home/bi/.local/lib/python3.10/site-packages/_pytest/logging.py:843: in pytest_runtest_setup
    yield
/home/bi/.local/lib/python3.10/site-packages/_pytest/capture.py:895: in pytest_runtest_setup
    return (yield)
/home/bi/.local/lib/python3.10/site-packages/_pytest/runner.py:164: in pytest_runtest_setup
    item.session._setupstate.setup(item)
_ _ _ _ _ _ _ _ _ _ _ _ _ _ _ _ _ _ _ _ _ _ _ _ _ _ _ _ _ _ _ _ _ _ _ _ _ _ _ _ 

self = <_pytest.runner.SetupState object at 0x782af1aea5f0>
item = <Coroutine test_double_start_is_idempotent>

    def setup(self, item: Item) -> None:
        """Setup objects along the collector chain to the item."""
        needed_collectors = item.listchain()
    
        # If a collector fails its setup, fail its entire subtree of items.
        # The setup is not retried for each item - the same exception is used.
        for col, (finalizers, exc) in self.stack.items():
>           assert col in needed_collectors, "previous item was not torn down properly"
E           AssertionError: previous item was not torn down properly

/home/bi/.local/lib/python3.10/site-packages/_pytest/runner.py:505: AssertionError
_________ ERROR at setup of TestLifecycle.test_close_when_not_started __________

item = <Coroutine test_close_when_not_started>

    def pytest_runtest_setup(item: Item) -> None:
        if item.config.getoption("randomly_reset_seed"):
>           _reseed(item.config, (_crc32(item.nodeid) - 1) % 2**32)

/home/bi/.local/lib/python3.10/site-packages/pytest_randomly/__init__.py:181: 
_ _ _ _ _ _ _ _ _ _ _ _ _ _ _ _ _ _ _ _ _ _ _ _ _ _ _ _ _ _ _ _ _ _ _ _ _ _ _ _ 
/home/bi/.local/lib/python3.10/site-packages/pytest_randomly/__init__.py:168: in _reseed
    reseed(seed)
/home/bi/.local/lib/python3.10/site-packages/thinc/util.py:101: in fix_random_seed
    numpy.random.seed(seed)
numpy/random/mtrand.pyx:4806: in numpy.random.mtrand.seed
    ???
numpy/random/mtrand.pyx:250: in numpy.random.mtrand.RandomState.seed
    ???
_mt19937.pyx:168: in numpy.random._mt19937.MT19937._legacy_seeding
    ???
_ _ _ _ _ _ _ _ _ _ _ _ _ _ _ _ _ _ _ _ _ _ _ _ _ _ _ _ _ _ _ _ _ _ _ _ _ _ _ _ 

>   ???
E   ValueError: Seed must be between 0 and 2**32 - 1

_mt19937.pyx:182: ValueError
________ ERROR at teardown of TestLifecycle.test_close_when_not_started ________

item = <Coroutine test_close_when_not_started>

    def pytest_runtest_teardown(item: Item) -> None:
        if item.config.getoption("randomly_reset_seed"):
>           _reseed(item.config, (_crc32(item.nodeid) + 1) % 2**32)

/home/bi/.local/lib/python3.10/site-packages/pytest_randomly/__init__.py:191: 
_ _ _ _ _ _ _ _ _ _ _ _ _ _ _ _ _ _ _ _ _ _ _ _ _ _ _ _ _ _ _ _ _ _ _ _ _ _ _ _ 
/home/bi/.local/lib/python3.10/site-packages/pytest_randomly/__init__.py:168: in _reseed
    reseed(seed)
/home/bi/.local/lib/python3.10/site-packages/thinc/util.py:101: in fix_random_seed
    numpy.random.seed(seed)
numpy/random/mtrand.pyx:4806: in numpy.random.mtrand.seed
    ???
numpy/random/mtrand.pyx:250: in numpy.random.mtrand.RandomState.seed
    ???
_mt19937.pyx:168: in numpy.random._mt19937.MT19937._legacy_seeding
    ???
_ _ _ _ _ _ _ _ _ _ _ _ _ _ _ _ _ _ _ _ _ _ _ _ _ _ _ _ _ _ _ _ _ _ _ _ _ _ _ _ 

>   ???
E   ValueError: Seed must be between 0 and 2**32 - 1

_mt19937.pyx:182: ValueError
____ ERROR at setup of TestHeartbeatHealth.test_message_refreshes_heartbeat ____

item = <Coroutine test_message_refreshes_heartbeat>

    def pytest_runtest_setup(item: Item) -> None:
        if item.config.getoption("randomly_reset_seed"):
>           _reseed(item.config, (_crc32(item.nodeid) - 1) % 2**32)

/home/bi/.local/lib/python3.10/site-packages/pytest_randomly/__init__.py:181: 
_ _ _ _ _ _ _ _ _ _ _ _ _ _ _ _ _ _ _ _ _ _ _ _ _ _ _ _ _ _ _ _ _ _ _ _ _ _ _ _ 
/home/bi/.local/lib/python3.10/site-packages/pytest_randomly/__init__.py:168: in _reseed
    reseed(seed)
/home/bi/.local/lib/python3.10/site-packages/thinc/util.py:101: in fix_random_seed
    numpy.random.seed(seed)
numpy/random/mtrand.pyx:4806: in numpy.random.mtrand.seed
    ???
numpy/random/mtrand.pyx:250: in numpy.random.mtrand.RandomState.seed
    ???
_mt19937.pyx:168: in numpy.random._mt19937.MT19937._legacy_seeding
    ???
_ _ _ _ _ _ _ _ _ _ _ _ _ _ _ _ _ _ _ _ _ _ _ _ _ _ _ _ _ _ _ _ _ _ _ _ _ _ _ _ 

>   ???
E   ValueError: Seed must be between 0 and 2**32 - 1

_mt19937.pyx:182: ValueError
__ ERROR at teardown of TestHeartbeatHealth.test_message_refreshes_heartbeat ___

item = <Coroutine test_message_refreshes_heartbeat>

    def pytest_runtest_teardown(item: Item) -> None:
        if item.config.getoption("randomly_reset_seed"):
>           _reseed(item.config, (_crc32(item.nodeid) + 1) % 2**32)

/home/bi/.local/lib/python3.10/site-packages/pytest_randomly/__init__.py:191: 
_ _ _ _ _ _ _ _ _ _ _ _ _ _ _ _ _ _ _ _ _ _ _ _ _ _ _ _ _ _ _ _ _ _ _ _ _ _ _ _ 
/home/bi/.local/lib/python3.10/site-packages/pytest_randomly/__init__.py:168: in _reseed
    reseed(seed)
/home/bi/.local/lib/python3.10/site-packages/thinc/util.py:101: in fix_random_seed
    numpy.random.seed(seed)
numpy/random/mtrand.pyx:4806: in numpy.random.mtrand.seed
    ???
numpy/random/mtrand.pyx:250: in numpy.random.mtrand.RandomState.seed
    ???
_mt19937.pyx:168: in numpy.random._mt19937.MT19937._legacy_seeding
    ???
_ _ _ _ _ _ _ _ _ _ _ _ _ _ _ _ _ _ _ _ _ _ _ _ _ _ _ _ _ _ _ _ _ _ _ _ _ _ _ _ 

>   ???
E   ValueError: Seed must be between 0 and 2**32 - 1

_mt19937.pyx:182: ValueError
_____ ERROR at setup of TestHeartbeatHealth.test_degraded_beyond_threshold _____

item = <Coroutine test_degraded_beyond_threshold>

    def pytest_runtest_setup(item: Item) -> None:
        if item.config.getoption("randomly_reset_seed"):
>           _reseed(item.config, (_crc32(item.nodeid) - 1) % 2**32)

/home/bi/.local/lib/python3.10/site-packages/pytest_randomly/__init__.py:181: 
_ _ _ _ _ _ _ _ _ _ _ _ _ _ _ _ _ _ _ _ _ _ _ _ _ _ _ _ _ _ _ _ _ _ _ _ _ _ _ _ 
/home/bi/.local/lib/python3.10/site-packages/pytest_randomly/__init__.py:168: in _reseed
    reseed(seed)
/home/bi/.local/lib/python3.10/site-packages/thinc/util.py:101: in fix_random_seed
    numpy.random.seed(seed)
numpy/random/mtrand.pyx:4806: in numpy.random.mtrand.seed
    ???
numpy/random/mtrand.pyx:250: in numpy.random.mtrand.RandomState.seed
    ???
_mt19937.pyx:168: in numpy.random._mt19937.MT19937._legacy_seeding
    ???
_ _ _ _ _ _ _ _ _ _ _ _ _ _ _ _ _ _ _ _ _ _ _ _ _ _ _ _ _ _ _ _ _ _ _ _ _ _ _ _ 

>   ???
E   ValueError: Seed must be between 0 and 2**32 - 1

_mt19937.pyx:182: ValueError
___ ERROR at teardown of TestHeartbeatHealth.test_degraded_beyond_threshold ____

item = <Coroutine test_degraded_beyond_threshold>

    def pytest_runtest_teardown(item: Item) -> None:
        if item.config.getoption("randomly_reset_seed"):
>           _reseed(item.config, (_crc32(item.nodeid) + 1) % 2**32)

/home/bi/.local/lib/python3.10/site-packages/pytest_randomly/__init__.py:191: 
_ _ _ _ _ _ _ _ _ _ _ _ _ _ _ _ _ _ _ _ _ _ _ _ _ _ _ _ _ _ _ _ _ _ _ _ _ _ _ _ 
/home/bi/.local/lib/python3.10/site-packages/pytest_randomly/__init__.py:168: in _reseed
    reseed(seed)
/home/bi/.local/lib/python3.10/site-packages/thinc/util.py:101: in fix_random_seed
    numpy.random.seed(seed)
numpy/random/mtrand.pyx:4806: in numpy.random.mtrand.seed
    ???
numpy/random/mtrand.pyx:250: in numpy.random.mtrand.RandomState.seed
    ???
_mt19937.pyx:168: in numpy.random._mt19937.MT19937._legacy_seeding
    ???
_ _ _ _ _ _ _ _ _ _ _ _ _ _ _ _ _ _ _ _ _ _ _ _ _ _ _ _ _ _ _ _ _ _ _ _ _ _ _ _ 

>   ???
E   ValueError: Seed must be between 0 and 2**32 - 1

_mt19937.pyx:182: ValueError
_____ ERROR at setup of TestHeartbeatHealth.test_healthy_within_threshold ______

item = <Coroutine test_healthy_within_threshold>

    def pytest_runtest_setup(item: Item) -> None:
        if item.config.getoption("randomly_reset_seed"):
>           _reseed(item.config, (_crc32(item.nodeid) - 1) % 2**32)

/home/bi/.local/lib/python3.10/site-packages/pytest_randomly/__init__.py:181: 
_ _ _ _ _ _ _ _ _ _ _ _ _ _ _ _ _ _ _ _ _ _ _ _ _ _ _ _ _ _ _ _ _ _ _ _ _ _ _ _ 
/home/bi/.local/lib/python3.10/site-packages/pytest_randomly/__init__.py:168: in _reseed
    reseed(seed)
/home/bi/.local/lib/python3.10/site-packages/thinc/util.py:101: in fix_random_seed
    numpy.random.seed(seed)
numpy/random/mtrand.pyx:4806: in numpy.random.mtrand.seed
    ???
numpy/random/mtrand.pyx:250: in numpy.random.mtrand.RandomState.seed
    ???
_mt19937.pyx:168: in numpy.random._mt19937.MT19937._legacy_seeding
    ???
_ _ _ _ _ _ _ _ _ _ _ _ _ _ _ _ _ _ _ _ _ _ _ _ _ _ _ _ _ _ _ _ _ _ _ _ _ _ _ _ 

>   ???
E   ValueError: Seed must be between 0 and 2**32 - 1

_mt19937.pyx:182: ValueError
____ ERROR at teardown of TestHeartbeatHealth.test_healthy_within_threshold ____

item = <Coroutine test_healthy_within_threshold>

    def pytest_runtest_teardown(item: Item) -> None:
        if item.config.getoption("randomly_reset_seed"):
>           _reseed(item.config, (_crc32(item.nodeid) + 1) % 2**32)

/home/bi/.local/lib/python3.10/site-packages/pytest_randomly/__init__.py:191: 
_ _ _ _ _ _ _ _ _ _ _ _ _ _ _ _ _ _ _ _ _ _ _ _ _ _ _ _ _ _ _ _ _ _ _ _ _ _ _ _ 
/home/bi/.local/lib/python3.10/site-packages/pytest_randomly/__init__.py:168: in _reseed
    reseed(seed)
/home/bi/.local/lib/python3.10/site-packages/thinc/util.py:101: in fix_random_seed
    numpy.random.seed(seed)
numpy/random/mtrand.pyx:4806: in numpy.random.mtrand.seed
    ???
numpy/random/mtrand.pyx:250: in numpy.random.mtrand.RandomState.seed
    ???
_mt19937.pyx:168: in numpy.random._mt19937.MT19937._legacy_seeding
    ???
_ _ _ _ _ _ _ _ _ _ _ _ _ _ _ _ _ _ _ _ _ _ _ _ _ _ _ _ _ _ _ _ _ _ _ _ _ _ _ _ 

>   ???
E   ValueError: Seed must be between 0 and 2**32 - 1

_mt19937.pyx:182: ValueError
_______ ERROR at setup of TestDecodeFunction.test_decode_bad_tier_raises _______

cls = <class '_pytest.runner.CallInfo'>
func = <function call_and_report.<locals>.<lambda> at 0x7829dc43b880>
when = 'setup'
reraise = (<class '_pytest.outcomes.Exit'>, <class 'KeyboardInterrupt'>)

    @classmethod
    def from_call(
        cls,
        func: Callable[[], TResult],
        when: Literal["collect", "setup", "call", "teardown"],
        reraise: type[BaseException] | tuple[type[BaseException], ...] | None = None,
    ) -> CallInfo[TResult]:
        """Call func, wrapping the result in a CallInfo.
    
        :param func:
            The function to call. Called without arguments.
        :type func: Callable[[], _pytest.runner.TResult]
        :param when:
            The phase in which the function is called.
        :param reraise:
            Exception or exceptions that shall propagate if raised by the
            function, instead of being wrapped in the CallInfo.
        """
        excinfo = None
        instant = timing.Instant()
        try:
>           result: TResult | None = func()

/home/bi/.local/lib/python3.10/site-packages/_pytest/runner.py:344: 
_ _ _ _ _ _ _ _ _ _ _ _ _ _ _ _ _ _ _ _ _ _ _ _ _ _ _ _ _ _ _ _ _ _ _ _ _ _ _ _ 
/home/bi/.local/lib/python3.10/site-packages/_pytest/runner.py:246: in <lambda>
    lambda: runtest_hook(item=item, **kwds), when=when, reraise=reraise
/home/bi/.local/lib/python3.10/site-packages/pluggy/_hooks.py:512: in __call__
    return self._hookexec(self.name, self._hookimpls.copy(), kwargs, firstresult)
/home/bi/.local/lib/python3.10/site-packages/pluggy/_manager.py:120: in _hookexec
    return self._inner_hookexec(hook_name, methods, kwargs, firstresult)
/home/bi/.local/lib/python3.10/site-packages/_pytest/logging.py:843: in pytest_runtest_setup
    yield
/home/bi/.local/lib/python3.10/site-packages/_pytest/capture.py:895: in pytest_runtest_setup
    return (yield)
/home/bi/.local/lib/python3.10/site-packages/_pytest/runner.py:164: in pytest_runtest_setup
    item.session._setupstate.setup(item)
_ _ _ _ _ _ _ _ _ _ _ _ _ _ _ _ _ _ _ _ _ _ _ _ _ _ _ _ _ _ _ _ _ _ _ _ _ _ _ _ 

self = <_pytest.runner.SetupState object at 0x782af1aea5f0>
item = <Function test_decode_bad_tier_raises>

    def setup(self, item: Item) -> None:
        """Setup objects along the collector chain to the item."""
        needed_collectors = item.listchain()
    
        # If a collector fails its setup, fail its entire subtree of items.
        # The setup is not retried for each item - the same exception is used.
        for col, (finalizers, exc) in self.stack.items():
>           assert col in needed_collectors, "previous item was not torn down properly"
E           AssertionError: previous item was not torn down properly

/home/bi/.local/lib/python3.10/site-packages/_pytest/runner.py:505: AssertionError
____ ERROR at setup of TestDecodeFunction.test_decode_missing_field_raises _____

item = <Function test_decode_missing_field_raises>

    def pytest_runtest_setup(item: Item) -> None:
        if item.config.getoption("randomly_reset_seed"):
>           _reseed(item.config, (_crc32(item.nodeid) - 1) % 2**32)

/home/bi/.local/lib/python3.10/site-packages/pytest_randomly/__init__.py:181: 
_ _ _ _ _ _ _ _ _ _ _ _ _ _ _ _ _ _ _ _ _ _ _ _ _ _ _ _ _ _ _ _ _ _ _ _ _ _ _ _ 
/home/bi/.local/lib/python3.10/site-packages/pytest_randomly/__init__.py:168: in _reseed
    reseed(seed)
/home/bi/.local/lib/python3.10/site-packages/thinc/util.py:101: in fix_random_seed
    numpy.random.seed(seed)
numpy/random/mtrand.pyx:4806: in numpy.random.mtrand.seed
    ???
numpy/random/mtrand.pyx:250: in numpy.random.mtrand.RandomState.seed
    ???
_mt19937.pyx:168: in numpy.random._mt19937.MT19937._legacy_seeding
    ???
_ _ _ _ _ _ _ _ _ _ _ _ _ _ _ _ _ _ _ _ _ _ _ _ _ _ _ _ _ _ _ _ _ _ _ _ _ _ _ _ 

>   ???
E   ValueError: Seed must be between 0 and 2**32 - 1

_mt19937.pyx:182: ValueError
___ ERROR at teardown of TestDecodeFunction.test_decode_missing_field_raises ___

item = <Function test_decode_missing_field_raises>

    def pytest_runtest_teardown(item: Item) -> None:
        if item.config.getoption("randomly_reset_seed"):
>           _reseed(item.config, (_crc32(item.nodeid) + 1) % 2**32)

/home/bi/.local/lib/python3.10/site-packages/pytest_randomly/__init__.py:191: 
_ _ _ _ _ _ _ _ _ _ _ _ _ _ _ _ _ _ _ _ _ _ _ _ _ _ _ _ _ _ _ _ _ _ _ _ _ _ _ _ 
/home/bi/.local/lib/python3.10/site-packages/pytest_randomly/__init__.py:168: in _reseed
    reseed(seed)
/home/bi/.local/lib/python3.10/site-packages/thinc/util.py:101: in fix_random_seed
    numpy.random.seed(seed)
numpy/random/mtrand.pyx:4806: in numpy.random.mtrand.seed
    ???
numpy/random/mtrand.pyx:250: in numpy.random.mtrand.RandomState.seed
    ???
_mt19937.pyx:168: in numpy.random._mt19937.MT19937._legacy_seeding
    ???
_ _ _ _ _ _ _ _ _ _ _ _ _ _ _ _ _ _ _ _ _ _ _ _ _ _ _ _ _ _ _ _ _ _ _ _ _ _ _ _ 

>   ???
E   ValueError: Seed must be between 0 and 2**32 - 1

_mt19937.pyx:182: ValueError
_________ ERROR at setup of TestDecodeFunction.test_decode_valid_json __________

item = <Function test_decode_valid_json>

    def pytest_runtest_setup(item: Item) -> None:
        if item.config.getoption("randomly_reset_seed"):
>           _reseed(item.config, (_crc32(item.nodeid) - 1) % 2**32)

/home/bi/.local/lib/python3.10/site-packages/pytest_randomly/__init__.py:181: 
_ _ _ _ _ _ _ _ _ _ _ _ _ _ _ _ _ _ _ _ _ _ _ _ _ _ _ _ _ _ _ _ _ _ _ _ _ _ _ _ 
/home/bi/.local/lib/python3.10/site-packages/pytest_randomly/__init__.py:168: in _reseed
    reseed(seed)
/home/bi/.local/lib/python3.10/site-packages/thinc/util.py:101: in fix_random_seed
    numpy.random.seed(seed)
numpy/random/mtrand.pyx:4806: in numpy.random.mtrand.seed
    ???
numpy/random/mtrand.pyx:250: in numpy.random.mtrand.RandomState.seed
    ???
_mt19937.pyx:168: in numpy.random._mt19937.MT19937._legacy_seeding
    ???
_ _ _ _ _ _ _ _ _ _ _ _ _ _ _ _ _ _ _ _ _ _ _ _ _ _ _ _ _ _ _ _ _ _ _ _ _ _ _ _ 

>   ???
E   ValueError: Seed must be between 0 and 2**32 - 1

_mt19937.pyx:182: ValueError
________ ERROR at teardown of TestDecodeFunction.test_decode_valid_json ________

item = <Function test_decode_valid_json>

    def pytest_runtest_teardown(item: Item) -> None:
        if item.config.getoption("randomly_reset_seed"):
>           _reseed(item.config, (_crc32(item.nodeid) + 1) % 2**32)

/home/bi/.local/lib/python3.10/site-packages/pytest_randomly/__init__.py:191: 
_ _ _ _ _ _ _ _ _ _ _ _ _ _ _ _ _ _ _ _ _ _ _ _ _ _ _ _ _ _ _ _ _ _ _ _ _ _ _ _ 
/home/bi/.local/lib/python3.10/site-packages/pytest_randomly/__init__.py:168: in _reseed
    reseed(seed)
/home/bi/.local/lib/python3.10/site-packages/thinc/util.py:101: in fix_random_seed
    numpy.random.seed(seed)
numpy/random/mtrand.pyx:4806: in numpy.random.mtrand.seed
    ???
numpy/random/mtrand.pyx:250: in numpy.random.mtrand.RandomState.seed
    ???
_mt19937.pyx:168: in numpy.random._mt19937.MT19937._legacy_seeding
    ???
_ _ _ _ _ _ _ _ _ _ _ _ _ _ _ _ _ _ _ _ _ _ _ _ _ _ _ _ _ _ _ _ _ _ _ _ _ _ _ _ 

>   ???
E   ValueError: Seed must be between 0 and 2**32 - 1

_mt19937.pyx:182: ValueError
=========================== short test summary info ============================
ERROR atlas/providers/hydra/test_listener.py::TestErrorHandling::test_recovery_after_error
ERROR atlas/providers/hydra/test_listener.py::TestErrorHandling::test_recovery_after_error
ERROR atlas/providers/hydra/test_listener.py::TestListenerBuffer::test_buffer_empty_returns_none
ERROR atlas/providers/hydra/test_listener.py::TestListenerBuffer::test_buffer_empty_returns_none
ERROR atlas/providers/hydra/test_listener.py::TestListenerBuffer::test_process_message_updates_buffer
ERROR atlas/providers/hydra/test_listener.py::TestListenerBuffer::test_get_latest_event_by_asset
ERROR atlas/providers/hydra/test_listener.py::TestListenerBuffer::test_get_latest_event_by_asset
ERROR atlas/providers/hydra/test_listener.py::TestHydraCascadeEventModel::test_total_liquidation_usd_is_decimal
ERROR atlas/providers/hydra/test_listener.py::TestHydraCascadeEventModel::test_tier_5_rejected
ERROR atlas/providers/hydra/test_listener.py::TestHydraCascadeEventModel::test_tier_5_rejected
ERROR atlas/providers/hydra/test_listener.py::TestLifecycle::test_double_start_is_idempotent
ERROR atlas/providers/hydra/test_listener.py::TestLifecycle::test_close_when_not_started
ERROR atlas/providers/hydra/test_listener.py::TestLifecycle::test_close_when_not_started
ERROR atlas/providers/hydra/test_listener.py::TestHeartbeatHealth::test_message_refreshes_heartbeat
ERROR atlas/providers/hydra/test_listener.py::TestHeartbeatHealth::test_message_refreshes_heartbeat
ERROR atlas/providers/hydra/test_listener.py::TestHeartbeatHealth::test_degraded_beyond_threshold
ERROR atlas/providers/hydra/test_listener.py::TestHeartbeatHealth::test_degraded_beyond_threshold
ERROR atlas/providers/hydra/test_listener.py::TestHeartbeatHealth::test_healthy_within_threshold
ERROR atlas/providers/hydra/test_listener.py::TestHeartbeatHealth::test_healthy_within_threshold
ERROR atlas/providers/hydra/test_listener.py::TestDecodeFunction::test_decode_bad_tier_raises
ERROR atlas/providers/hydra/test_listener.py::TestDecodeFunction::test_decode_missing_field_raises
ERROR atlas/providers/hydra/test_listener.py::TestDecodeFunction::test_decode_missing_field_raises
ERROR atlas/providers/hydra/test_listener.py::TestDecodeFunction::test_decode_valid_json
ERROR atlas/providers/hydra/test_listener.py::TestDecodeFunction::test_decode_valid_json
========================= 8 passed, 24 errors in 2.03s =========================
