============================= test session starts ==============================
platform linux -- Python 3.10.12, pytest-8.4.1, pluggy-1.6.0 -- /usr/bin/python3
cachedir: .pytest_cache
metadata: {'Python': '3.10.12', 'Platform': 'Linux-6.17.9-76061709-generic-x86_64-with-glibc2.35', 'Packages': {'pytest': '8.4.1', 'pluggy': '1.6.0'}, 'Plugins': {'mock': '3.14.1', 'json-report': '1.5.0', 'anyio': '4.12.1', 'asyncio': '1.1.0', 'sugar': '1.1.1', 'langsmith': '0.6.0', 'hydra-core': '1.3.2', 'Faker': '37.5.3', 'respx': '0.22.0', 'clarity': '1.0.1', 'metadata': '3.1.1', 'timeout': '2.4.0', 'benchmark': '5.1.0', 'hypothesis': '6.141.0', 'cov': '6.2.1', 'repeat': '0.9.4', 'xdist': '3.7.0', 'html': '4.1.1'}}
benchmark: 5.1.0 (defaults: timer=time.perf_counter disable_gc=False min_rounds=5 min_time=0.000005 max_time=1.0 calibration_precision=10 warmup=False warmup_iterations=100000)
hypothesis profile 'default'
rootdir: /home/bi/Desktop/Engine 8/ATLAS
configfile: pyproject.toml
plugins: mock-3.14.1, json-report-1.5.0, anyio-4.12.1, asyncio-1.1.0, sugar-1.1.1, langsmith-0.6.0, hydra-core-1.3.2, Faker-37.5.3, respx-0.22.0, clarity-1.0.1, metadata-3.1.1, timeout-2.4.0, benchmark-5.1.0, hypothesis-6.141.0, cov-6.2.1, repeat-0.9.4, xdist-3.7.0, html-4.1.1
asyncio: mode=auto, asyncio_default_fixture_loop_scope=function, asyncio_default_test_loop_scope=function
collecting ... collected 22 items

atlas/orchestrator/test_scorer.py::TestScoreAggregation::test_zero_agents_produces_zero_score PASSED [  4%]
atlas/orchestrator/test_scorer.py::TestScoreAggregation::test_full_score_normalises_to_100 PASSED [  9%]
atlas/orchestrator/test_scorer.py::TestScoreAggregation::test_partial_score_normalises_correctly PASSED [ 13%]
atlas/orchestrator/test_scorer.py::TestScoreAggregation::test_category_weights_sum_to_one PASSED [ 18%]
atlas/orchestrator/test_scorer.py::TestScoreAggregation::test_risk_filtered_out_of_weighted_sum FAILED [ 22%]
atlas/orchestrator/test_scorer.py::TestScoreAggregation::test_conviction_suppression_applied_and_floored PASSED [ 27%]
atlas/orchestrator/test_scorer.py::TestDecisionMapping::test_high_score_bullish_is_strong_buy PASSED [ 31%]
atlas/orchestrator/test_scorer.py::TestDecisionMapping::test_bearish_consensus_produces_sell PASSED [ 36%]
atlas/orchestrator/test_scorer.py::TestDecisionMapping::test_risk_veto_overrides_high_score PASSED [ 40%]
atlas/orchestrator/test_scorer.py::TestDecisionMapping::test_default_30m_ttl PASSED [ 45%]
atlas/orchestrator/test_scorer.py::TestDecisionMapping::test_cascade_ttl_override PASSED [ 50%]
atlas/orchestrator/test_scorer.py::TestDecisionMapping::test_1h_timeframe_ttl PASSED [ 54%]
atlas/orchestrator/test_scorer.py::TestSignalIdentity::test_signal_id_is_generated PASSED [ 59%]
atlas/orchestrator/test_scorer.py::TestSignalIdentity::test_asset_and_timeframe_propagated PASSED [ 63%]
atlas/orchestrator/test_scorer.py::TestReasoningAggregation::test_reasoning_combines_explanations PASSED [ 68%]
atlas/orchestrator/test_scorer.py::TestReasoningAggregation::test_convergences_collected PASSED [ 72%]
atlas/orchestrator/test_scorer.py::TestReasoningAggregation::test_risks_collected PASSED [ 77%]
atlas/orchestrator/test_scorer.py::TestCascadeLinkage::test_cascade_fields_propagated PASSED [ 81%]
atlas/orchestrator/test_scorer.py::TestCascadeLinkage::test_non_cascade_defaults PASSED [ 86%]
atlas/orchestrator/test_scorer.py::TestActionBlockNoAmount::test_action_has_no_amount PASSED [ 90%]
atlas/orchestrator/test_scorer.py::test_scorer_uses_meta_learner_when_available PASSED [ 95%]
atlas/orchestrator/test_scorer.py::test_scorer_falls_back_when_meta_learner_model_is_none PASSED [100%]

=================================== FAILURES ===================================
_________ TestScoreAggregation.test_risk_filtered_out_of_weighted_sum __________

self = <ATLAS.atlas.orchestrator.test_scorer.TestScoreAggregation object at 0x72e49f4bb4c0>

    @pytest.mark.asyncio
    async def test_risk_filtered_out_of_weighted_sum(self) -> None:
        """Risk agent results do not contribute to weighted sum."""
        scorer = _make_scorer()
        agents = [
            _make_agent("technical", 220, 220),  # Weight 0.25 -> 55 points
            _make_agent("risk", 220, 220),       # Should be ignored completely
        ]
>       signal = await scorer.score(agent_results=agents, asset="BTCUSDT")

atlas/orchestrator/test_scorer.py:158: 
_ _ _ _ _ _ _ _ _ _ _ _ _ _ _ _ _ _ _ _ _ _ _ _ _ _ _ _ _ _ _ _ _ _ _ _ _ _ _ _ 
atlas/orchestrator/scorer.py:160: in score
    return _assemble_signal_output(
atlas/orchestrator/scorer.py:205: in _assemble_signal_output
    category_scores=_build_category_scores(agents),
_ _ _ _ _ _ _ _ _ _ _ _ _ _ _ _ _ _ _ _ _ _ _ _ _ _ _ _ _ _ _ _ _ _ _ _ _ _ _ _ 

agent_results = [AgentResult(agent_name='technical', score=220, max_score=220, weight=1.0, direction=<SignalDirection.BULLISH: 'bullis...sh'>, explanation='', convergences=[], risks=[], veto=False, sub_signals={}, telemetry=AgentTelemetry(latency_ms=0.0))]

    def _build_category_scores(
        agent_results: list[AgentResult],
    ) -> CategoryScores:
        """Map agent scores to per-category breakdown.
    
        Each agent's raw score is normalised proportionally to 0–100
        scale, then assigned to its category. Unknown agent names
        are silently skipped (logged as warning).
    
        Args:
            agent_results: List of agent results.
    
        Returns:
            CategoryScores with normalised per-category values.
        """
        categories: dict[str, int] = {
            "technical": 0,
            "derivatives": 0,
            "onchain": 0,
            "sentiment": 0,
            "whale": 0,
            "liquidation": 0,
            "regime": 0,
            "funding": 0,
            "news_macro": 0,
            "correlation": 0,
            "context": 0,
        }
        for result in agent_results:
            category = _AGENT_CATEGORY_MAP.get(result.agent_name)
            if category is None:
                logger.warning(
                    "unknown agent category | agent={}",
                    result.agent_name,
                )
                continue
            normalised = _normalise_agent_score(result)
            categories[category] = normalised
    
        total = sum(categories.values())
>       return CategoryScores(**categories, total=total)
E       pydantic_core._pydantic_core.ValidationError: 1 validation error for CategoryScores
E         Value error, total=200 does not match sum=100 [type=value_error, input_value={'technical': 100, 'deriv...isk': 100, 'total': 200}, input_type=dict]
E           For further information visit https://errors.pydantic.dev/2.13/v/value_error

atlas/orchestrator/scorer.py:308: ValidationError
----------------------------- Captured stderr call -----------------------------
2026-04-21 17:56:53.699 | INFO     | atlas.orchestrator.scorer:score:118 - scoring start | signal_id=985c8855-2b39-46c5-9846-ca9a9ae222bd | asset=BTCUSDT
2026-04-21 17:56:53.699 | INFO     | atlas.orchestrator.scorer:score:145 - scoring mode: fixed_weights
=========================== short test summary info ============================
FAILED atlas/orchestrator/test_scorer.py::TestScoreAggregation::test_risk_filtered_out_of_weighted_sum
========================= 1 failed, 21 passed in 1.13s =========================
